<?xml version="1.0" encoding="UTF-8"?>
<testsuite name="com.example.demo.note.NoteRepoIT" tests="1" skipped="0" failures="0" errors="0" timestamp="2025-10-04T21:14:03" hostname="ACER" time="1.127">
  <properties/>
  <testcase name="savesAndReads()" classname="com.example.demo.note.NoteRepoIT" time="1.127"/>
  <system-out><![CDATA[23:13:47.493 [Test worker] INFO org.springframework.test.context.support.AnnotationConfigContextLoaderUtils -- Could not detect default configuration classes for test class [com.example.demo.note.NoteRepoIT]: NoteRepoIT does not declare any static, non-private, non-final, nested classes annotated with @Configuration.
23:13:47.700 [Test worker] INFO org.springframework.boot.test.context.SpringBootTestContextBootstrapper -- Found @SpringBootConfiguration com.example.demo.DemoApplication for test class com.example.demo.note.NoteRepoIT
23:13:47.967 [Test worker] INFO org.testcontainers.images.PullPolicy -- Image pull policy will be performed by: DefaultPullPolicy()
23:13:47.977 [Test worker] INFO org.testcontainers.utility.ImageNameSubstitutor -- Image name substitution will be performed by: DefaultImageNameSubstitutor (composite of 'ConfigurationFileImageNameSubstitutor' and 'PrefixingImageNameSubstitutor')
23:13:48.890 [Test worker] INFO org.testcontainers.dockerclient.DockerClientProviderStrategy -- Found Docker environment with local Npipe socket (npipe:////./pipe/docker_engine)
23:13:48.901 [Test worker] INFO org.testcontainers.DockerClientFactory -- Docker host IP address is localhost
23:13:48.944 [Test worker] INFO org.testcontainers.DockerClientFactory -- Connected to docker: 
  Server Version: 28.4.0
  API Version: 1.51
  Operating System: Docker Desktop
  Total Memory: 7615 MB
23:13:49.138 [Test worker] INFO tc.testcontainers/ryuk:0.7.0 -- Creating container for image: testcontainers/ryuk:0.7.0
23:13:50.301 [Test worker] INFO org.testcontainers.utility.RegistryAuthLocator -- Credential helper/store (docker-credential-desktop) does not have credentials for https://index.docker.io/v1/
23:13:50.575 [Test worker] INFO tc.testcontainers/ryuk:0.7.0 -- Container testcontainers/ryuk:0.7.0 is starting: 4a6292a040050c01a4e139dcf2b559f1a6677fa452304d647ce5593fc516bfbf
23:13:51.220 [Test worker] INFO tc.testcontainers/ryuk:0.7.0 -- Container testcontainers/ryuk:0.7.0 started in PT2.0818855S
23:13:51.232 [Test worker] INFO org.testcontainers.utility.RyukResourceReaper -- Ryuk started - will monitor and terminate Testcontainers containers on JVM exit
23:13:51.232 [Test worker] INFO org.testcontainers.DockerClientFactory -- Checking the system...
23:13:51.233 [Test worker] INFO org.testcontainers.DockerClientFactory -- ✔︎ Docker server version should be at least 1.6.0
23:13:51.234 [Test worker] INFO tc.postgres:16 -- Creating container for image: postgres:16
23:13:51.365 [Test worker] INFO tc.postgres:16 -- Container postgres:16 is starting: 10c33070043b6e570385046a5b39907f5f2bf81848fb5ed6c8155dfbdb4a4c17
23:13:54.004 [Test worker] INFO tc.postgres:16 -- Container postgres:16 started in PT2.7707286S
23:13:54.006 [Test worker] INFO tc.postgres:16 -- Container is started (JDBC URL: jdbc:postgresql://localhost:62677/testdb?loggerLevel=OFF)

  .   ____          _            __ _ _
 /\\ / ___'_ __ _ _(_)_ __  __ _ \ \ \ \
( ( )\___ | '_ | '_| | '_ \/ _` | \ \ \ \
 \\/  ___)| |_)| | | | | || (_| |  ) ) ) )
  '  |____| .__|_| |_|_| |_\__, | / / / /
 =========|_|==============|___/=/_/_/_/

 :: Spring Boot ::                (v3.3.3)

2025-10-04T23:13:54.645+02:00  INFO 20428 --- [    Test worker] com.example.demo.note.NoteRepoIT         : Starting NoteRepoIT using Java 21.0.8 with PID 20428 (started by 19gee in C:\Users\19gee\praxe-2025\demo)
2025-10-04T23:13:54.649+02:00  INFO 20428 --- [    Test worker] com.example.demo.note.NoteRepoIT         : No active profile set, falling back to 1 default profile: "dev"
2025-10-04T23:13:56.125+02:00  INFO 20428 --- [    Test worker] .s.d.r.c.RepositoryConfigurationDelegate : Bootstrapping Spring Data JPA repositories in DEFAULT mode.
2025-10-04T23:13:56.215+02:00  INFO 20428 --- [    Test worker] .s.d.r.c.RepositoryConfigurationDelegate : Finished Spring Data repository scanning in 73 ms. Found 1 JPA repository interface.
2025-10-04T23:13:57.603+02:00  INFO 20428 --- [    Test worker] o.hibernate.jpa.internal.util.LogHelper  : HHH000204: Processing PersistenceUnitInfo [name: default]
2025-10-04T23:13:57.785+02:00  INFO 20428 --- [    Test worker] org.hibernate.Version                    : HHH000412: Hibernate ORM core version 6.5.2.Final
2025-10-04T23:13:57.869+02:00  INFO 20428 --- [    Test worker] o.h.c.internal.RegionFactoryInitiator    : HHH000026: Second-level cache disabled
2025-10-04T23:13:58.590+02:00  INFO 20428 --- [    Test worker] o.s.o.j.p.SpringPersistenceUnitInfo      : No LoadTimeWeaver setup: ignoring JPA class transformer
2025-10-04T23:13:58.642+02:00  INFO 20428 --- [    Test worker] com.zaxxer.hikari.HikariDataSource       : HikariPool-1 - Starting...
2025-10-04T23:13:58.946+02:00  INFO 20428 --- [    Test worker] com.zaxxer.hikari.pool.HikariPool        : HikariPool-1 - Added connection org.postgresql.jdbc.PgConnection@2d114d27
2025-10-04T23:13:58.948+02:00  INFO 20428 --- [    Test worker] com.zaxxer.hikari.HikariDataSource       : HikariPool-1 - Start completed.
2025-10-04T23:14:00.853+02:00  INFO 20428 --- [    Test worker] o.h.e.t.j.p.i.JtaPlatformInitiator       : HHH000489: No JTA platform available (set 'hibernate.transaction.jta.platform' to enable JTA platform integration)
Hibernate: create table note (id bigint generated by default as identity, text varchar(255), primary key (id))
2025-10-04T23:14:00.988+02:00  INFO 20428 --- [    Test worker] j.LocalContainerEntityManagerFactoryBean : Initialized JPA EntityManagerFactory for persistence unit 'default'
2025-10-04T23:14:02.066+02:00  WARN 20428 --- [    Test worker] JpaBaseConfiguration$JpaWebConfiguration : spring.jpa.open-in-view is enabled by default. Therefore, database queries may be performed during view rendering. Explicitly configure spring.jpa.open-in-view to disable this warning
2025-10-04T23:14:03.456+02:00  INFO 20428 --- [    Test worker] o.s.b.a.e.web.EndpointLinksResolver      : Exposing 1 endpoint beneath base path '/actuator'
2025-10-04T23:14:03.591+02:00  INFO 20428 --- [    Test worker] com.example.demo.note.NoteRepoIT         : Started NoteRepoIT in 9.508 seconds (process running for 19.471)
Hibernate: insert into note (text) values (?) returning id
Hibernate: select n1_0.id,n1_0.text from note n1_0
]]></system-out>
  <system-err><![CDATA[WARNING: A Java agent has been loaded dynamically (C:\Users\19gee\.gradle\caches\modules-2\files-2.1\net.bytebuddy\byte-buddy-agent\1.14.19\154da3a65b4f4a909d3e5bdec55d1b2b4cbb6ce1\byte-buddy-agent-1.14.19.jar)
WARNING: If a serviceability tool is in use, please run with -XX:+EnableDynamicAgentLoading to hide this warning
WARNING: If a serviceability tool is not in use, please run with -Djdk.instrument.traceUsage for more information
WARNING: Dynamic loading of agents will be disallowed by default in a future release
]]></system-err>
</testsuite>
